checking whether _MSC_VER > 1800 || (_MSC_VER == 1800 && _MSC_FULL_VER >= 180030324) is true... yes
checking whether defined(_M_AMD64) || defined(_M_X64) is true... no
--------------------------------------------------
conftest.c
conftest.c(2): fatal error C1189: #error:   
--------------------------------------------------
Failed program was:
--------------------------------------------------
#if !(defined(_M_AMD64) || defined(_M_X64)) 
#error  
#endif 
--------------------------------------------------
checking whether defined(_M_IX86) is true... yes
checking for -lshell32... yes
checking whether rc.exe works... yes
checking whether !WINAPI_FAMILY_PARTITION(WINAPI_PARTITION_DESKTOP) is true... no
--------------------------------------------------
conftest.c
conftest.c(3): fatal error C1189: #error:   
--------------------------------------------------
Failed program was:
--------------------------------------------------
#include <winapifamily.h>
#if !(!WINAPI_FAMILY_PARTITION(WINAPI_PARTITION_DESKTOP)) 
#error  
#endif 
--------------------------------------------------
x264 configure script
Command line options: "--prefix=/e/Work/x264_build/install/x86" "--enable-static" "--disable-asm"

checking whether cl works... yes
checking whether cl supports __attribute__((force_align_arg_pointer))... no
Failed commandline was:
--------------------------------------------------
cl conftest.c -I. -I$(SRCPATH) -nologo -GS- -DHAVE_STRING_H -I$(SRCPATH)/extras  -link shell32.lib -largeaddressaware 
conftest.c
conftest.c(1): error C2143: 语法错误: 缺少“)”(在“(”的前面)
conftest.c(1): error C2059: 语法错误:“)”
conftest.c(2): error C2143: 语法错误: 缺少“)”(在“类型”的前面)
conftest.c(2): error C2091: 函数返回函数
conftest.c(2): error C2085: “main”: 不在形参表中
conftest.c(2): error C2143: 语法错误: 缺少“;”(在“{”的前面)
--------------------------------------------------
Failed program was:
--------------------------------------------------
__attribute__((force_align_arg_pointer))
int main (void) {  return 0; }
--------------------------------------------------
checking for volatile float x = 2; return log2f(x); in math.h... yes
checking for strtok_r(0, 0, 0); in string.h... no
Failed commandline was:
--------------------------------------------------
cl conftest.c -I. -I$(SRCPATH) -nologo -GS- -DHAVE_STRING_H -I$(SRCPATH)/extras  -link shell32.lib -largeaddressaware 
conftest.c
conftest.obj : error LNK2019: 无法解析的外部符号 _strtok_r，该符号在函数 _main 中被引用
conftest.exe : fatal error LNK1120: 1 个无法解析的外部命令
--------------------------------------------------
Failed program was:
--------------------------------------------------
#include <string.h>
int main (void) { strtok_r(0, 0, 0); return 0; }
--------------------------------------------------
checking for clock_gettime(CLOCK_MONOTONIC, 0); in time.h... no
Failed commandline was:
--------------------------------------------------
cl conftest.c -I. -I$(SRCPATH) -nologo -GS- -DHAVE_STRING_H -I$(SRCPATH)/extras  -link shell32.lib -largeaddressaware 
conftest.c
conftest.c(2): error C2065: “CLOCK_MONOTONIC”: 未声明的标识符
--------------------------------------------------
Failed program was:
--------------------------------------------------
#include <time.h>
int main (void) { clock_gettime(CLOCK_MONOTONIC, 0); return 0; }
--------------------------------------------------
checking for clock_gettime(CLOCK_MONOTONIC, 0); in time.h... no
Failed commandline was:
--------------------------------------------------
cl conftest.c -I. -I$(SRCPATH) -nologo -GS- -DHAVE_STRING_H -I$(SRCPATH)/extras  -link rt.lib shell32.lib -largeaddressaware 
conftest.c
conftest.c(2): error C2065: “CLOCK_MONOTONIC”: 未声明的标识符
--------------------------------------------------
Failed program was:
--------------------------------------------------
#include <time.h>
int main (void) { clock_gettime(CLOCK_MONOTONIC, 0); return 0; }
--------------------------------------------------
checking for packages: libswscale libavutil... no
Failed commandline was:
--------------------------------------------------
pkg-config --exists libswscale libavutil
--------------------------------------------------
checking for sws_init_context(0,0,0); in libswscale/swscale.h... no
Failed commandline was:
--------------------------------------------------
cl conftest.c -I. -I$(SRCPATH) -nologo -GS- -DHAVE_STRING_H -I$(SRCPATH)/extras  -link swscale.lib avutil.lib shell32.lib -largeaddressaware 
conftest.c
conftest.c(1): fatal error C1083: 无法打开包括文件: “libswscale/swscale.h”: No such file or directory
--------------------------------------------------
Failed program was:
--------------------------------------------------
#include <libswscale/swscale.h>
int main (void) { sws_init_context(0,0,0); return 0; }
--------------------------------------------------
checking for packages: libavformat libavcodec libavutil... no
Failed commandline was:
--------------------------------------------------
pkg-config --exists libavformat libavcodec libavutil
--------------------------------------------------
checking for -lavformat... no
Failed commandline was:
--------------------------------------------------
cl conftest.c -I. -I$(SRCPATH) -nologo -GS- -DHAVE_STRING_H -I$(SRCPATH)/extras  -link avformat.lib shell32.lib -largeaddressaware 
conftest.c
LINK : fatal error LNK1181: 无法打开输入文件“avformat.lib”
--------------------------------------------------
Failed program was:
--------------------------------------------------
int main (void) {  return 0; }
--------------------------------------------------
checking for av_demuxer_iterate(0); in libavformat/avformat.h... no
Failed commandline was:
--------------------------------------------------
cl conftest.c -I. -I$(SRCPATH) -nologo -GS- -DHAVE_STRING_H -I$(SRCPATH)/extras  -link shell32.lib -largeaddressaware 
conftest.c
conftest.c(1): fatal error C1083: 无法打开包括文件: “libavformat/avformat.h”: No such file or directory
--------------------------------------------------
Failed program was:
--------------------------------------------------
#include <libavformat/avformat.h>
int main (void) { av_demuxer_iterate(0); return 0; }
--------------------------------------------------
checking for packages: ffms2... no
Failed commandline was:
--------------------------------------------------
pkg-config --exists ffms2
--------------------------------------------------
checking for FFMS_DestroyVideoSource(0); in ffms.h... no
Failed commandline was:
--------------------------------------------------
cl conftest.c -I. -I$(SRCPATH) -nologo -GS- -DHAVE_STRING_H -I$(SRCPATH)/extras  -link ffms2.lib shell32.lib -largeaddressaware 
conftest.c
conftest.c(1): fatal error C1083: 无法打开包括文件: “ffms.h”: No such file or directory
--------------------------------------------------
Failed program was:
--------------------------------------------------
#include <ffms.h>
int main (void) { FFMS_DestroyVideoSource(0); return 0; }
--------------------------------------------------
checking for FFMS_DestroyVideoSource(0); in ffms.h... no
Failed commandline was:
--------------------------------------------------
cl conftest.c -I. -I$(SRCPATH) -nologo -GS- -DHAVE_STRING_H -I$(SRCPATH)/extras  -link ffms2.lib stdc++.lib shell32.lib -largeaddressaware 
conftest.c
conftest.c(1): fatal error C1083: 无法打开包括文件: “ffms.h”: No such file or directory
--------------------------------------------------
Failed program was:
--------------------------------------------------
#include <ffms.h>
int main (void) { FFMS_DestroyVideoSource(0); return 0; }
--------------------------------------------------
checking for packages: liblsmash... no
Failed commandline was:
--------------------------------------------------
pkg-config --exists liblsmash
--------------------------------------------------
checking for lsmash_destroy_root(0); in lsmash.h... no
Failed commandline was:
--------------------------------------------------
cl conftest.c -I. -I$(SRCPATH) -nologo -GS- -DHAVE_STRING_H -I$(SRCPATH)/extras  -link lsmash.lib shell32.lib -largeaddressaware 
conftest.c
conftest.c(1): fatal error C1083: 无法打开包括文件: “lsmash.h”: No such file or directory
--------------------------------------------------
Failed program was:
--------------------------------------------------
#include <lsmash.h>
int main (void) { lsmash_destroy_root(0); return 0; }
--------------------------------------------------
checking for -lz... no
Failed commandline was:
--------------------------------------------------
cl conftest.c -I. -I$(SRCPATH) -nologo -GS- -DHAVE_STRING_H -I$(SRCPATH)/extras  -link z.lib shell32.lib -largeaddressaware 
conftest.c
LINK : fatal error LNK1181: 无法打开输入文件“z.lib”
--------------------------------------------------
Failed program was:
--------------------------------------------------
int main (void) {  return 0; }
--------------------------------------------------
checking for -ldl... no
Failed commandline was:
--------------------------------------------------
cl conftest.c -I. -I$(SRCPATH) -nologo -GS- -DHAVE_STRING_H -I$(SRCPATH)/extras  -link dl.lib shell32.lib -largeaddressaware 
conftest.c
LINK : fatal error LNK1181: 无法打开输入文件“dl.lib”
--------------------------------------------------
Failed program was:
--------------------------------------------------
int main (void) {  return 0; }
--------------------------------------------------
checking for -lws2_32... yes
checking for -lwinmm... yes
checking for gf_isom_close(0); in gpac/isomedia.h... no
Failed commandline was:
--------------------------------------------------
cl conftest.c -I. -I$(SRCPATH) -nologo -GS- -DHAVE_STRING_H -I$(SRCPATH)/extras  -link libgpac_static.lib ws2_32.lib winmm.lib shell32.lib -largeaddressaware 
conftest.c
conftest.c(1): fatal error C1083: 无法打开包括文件: “gpac/isomedia.h”: No such file or directory
--------------------------------------------------
Failed program was:
--------------------------------------------------
#include <gpac/isomedia.h>
int main (void) { gf_isom_close(0); return 0; }
--------------------------------------------------
checking for uint32_t test_vec __attribute__ ((vector_size (16))) = {0,1,2,3}; in stdint.h... no
Failed commandline was:
--------------------------------------------------
cl conftest.c -I. -I$(SRCPATH) -nologo -GS- -DHAVE_STRING_H -I$(SRCPATH)/extras  -link shell32.lib -largeaddressaware 
conftest.c
conftest.c(2): error C2146: 语法错误: 缺少“;”(在标识符“__attribute__”的前面)
conftest.c(2): error C2059: 语法错误:“{”
--------------------------------------------------
Failed program was:
--------------------------------------------------
#include <stdint.h>
int main (void) { uint32_t test_vec __attribute__ ((vector_size (16))) = {0,1,2,3}; return 0; }
--------------------------------------------------
checking for -fno-tree-vectorize... yes
checking for fseeko(stdin,0,0); in stdio.h... no
Failed commandline was:
--------------------------------------------------
cl conftest.c -O2 -fp:fast -I. -I$(SRCPATH) -nologo -GS- -DHAVE_STRING_H -I$(SRCPATH)/extras  -link shell32.lib -largeaddressaware 
conftest.c
conftest.obj : error LNK2019: 无法解析的外部符号 _fseeko，该符号在函数 _main 中被引用
conftest.exe : fatal error LNK1120: 1 个无法解析的外部命令
--------------------------------------------------
Failed program was:
--------------------------------------------------
#include <stdio.h>
int main (void) { fseeko(stdin,0,0); return 0; }
--------------------------------------------------
checking for fseeko64(stdin,0,0); in stdio.h... no
Failed commandline was:
--------------------------------------------------
cl conftest.c -O2 -fp:fast -I. -I$(SRCPATH) -nologo -GS- -DHAVE_STRING_H -I$(SRCPATH)/extras  -link shell32.lib -largeaddressaware 
conftest.c
conftest.obj : error LNK2019: 无法解析的外部符号 _fseeko64，该符号在函数 _main 中被引用
conftest.exe : fatal error LNK1120: 1 个无法解析的外部命令
--------------------------------------------------
Failed program was:
--------------------------------------------------
#include <stdio.h>
int main (void) { fseeko64(stdin,0,0); return 0; }
--------------------------------------------------
checking for _fseeki64(stdin,0,0); in stdio.h... yes
checking for -Wshadow... yes
checking for -Wmaybe-uninitialized... no
Failed commandline was:
--------------------------------------------------
cl conftest.c -O2 -fp:fast -I. -I$(SRCPATH) -nologo -GS- -DHAVE_STRING_H -I$(SRCPATH)/extras -Wmaybe-uninitialized  -link shell32.lib -largeaddressaware 
cl: 命令行 error D8021 :无效的数值参数“/Wmaybe-uninitialized”
--------------------------------------------------
Failed program was:
--------------------------------------------------
int main (void) {  return 0; }
--------------------------------------------------
checking whether _M_IX86_FP >= 1 is true... yes

platform:       X86
byte order:     little-endian
system:         WINDOWS
cli:            yes
libx264:        internal
shared:         no
static:         yes
bashcompletion: no
asm:            no
interlaced:     yes
avs:            avisynth
lavf:           no
ffms:           no
mp4:            no
gpl:            yes
thread:         win32
opencl:         yes
filters:        crop select_every
lto:            no
debug:          no
gprof:          no
strip:          no
PIC:            no
bit depth:      all
chroma format:  all
